<?xml version="1.0" encoding="UTF-8"?>
<!-- Generated by org.testng.reporters.JUnitXMLReporter -->
<testsuite ignored="0" hostname="DESKTOP-O6PK2DD" failures="1" tests="1" name="TestRunner-1" time="33.053" errors="0" timestamp="2024-01-23T13:29:13 IST">
  <testcase classname="pomTestCases.ViewingDetailsOfPatientTest" name="ViewingDetailsOfPatientTest" time="21.604">
    <failure type="java.lang.AssertionError" message="expected [John] but found [Manisha Jha]">
      <![CDATA[java.lang.AssertionError: expected [John] but found [Manisha Jha]
at pomTestCases.ViewingDetailsOfPatientTest.ViewingDetailsOfPatientTest(ViewingDetailsOfPatientTest.java:83)
at java.base/java.util.concurrent.ThreadPoolExecutor.runWorker(ThreadPoolExecutor.java:1136)
at java.base/java.util.concurrent.ThreadPoolExecutor$Worker.run(ThreadPoolExecutor.java:635)
at java.base/java.lang.Thread.run(Thread.java:842)
... Removed 18 stack frames]]>
    </failure>
  </testcase> <!-- ViewingDetailsOfPatientTest -->
</testsuite> <!-- TestRunner-1 -->
